
SELL:[X] 01:00:58 10.01.24 | CONUTER:0 time_diff =>414
SELL:[0k] 01:01:03 10.01.24 | CONUTER:1 time_diff =>5
SELL:[0k] 01:01:06 10.01.24 | CONUTER:2 time_diff =>3
SELL:[X] 01:01:18 10.01.24 | CONUTER:0 time_diff =>12
SELL:[0k] 01:01:22 10.01.24 | CONUTER:1 time_diff =>4
SELL:[0k] 01:01:24 10.01.24 | CONUTER:2 time_diff =>2
SELL:[0k] 01:01:26 10.01.24 | CONUTER:3 time_diff =>2
SELL:[0k] 01:01:29 10.01.24 | CONUTER:4 time_diff =>3
SELL:[0k] 01:01:31 10.01.24 | CONUTER:5 time_diff =>2
SELL:[0k] 01:01:34 10.01.24 | CONUTER:6 time_diff =>3
SELL:[0k] 01:01:37 10.01.24 | CONUTER:7 time_diff =>3
=======<><><><><><><><><><><><><><><><><>======
    SELLING: 01:01:36 price:46184.913
	#| PROF=>46184.913 - 46014.423=> 0.3705142624520098% |#
	#46184.913#46198.75#46198.952#46219.607 
	------------------------------


BUYING:[X] 01:09:52 10.01.24 | CONUTER:0 time_diff =>495
BUYING:[X] 01:10:05 10.01.24 | CONUTER:0 time_diff =>13
BUYING:[0k] 01:10:07 10.01.24 | CONUTER:1 time_diff =>2
BUYING:[0k] 01:10:10 10.01.24 | CONUTER:2 time_diff =>3
BUYING:[0k] 01:10:12 10.01.24 | CONUTER:3 time_diff =>2
BUYING:[X] 01:10:25 10.01.24 | CONUTER:0 time_diff =>13
BUYING:[X] 01:10:36 10.01.24 | CONUTER:0 time_diff =>11
BUYING:[X] 01:10:51 10.01.24 | CONUTER:0 time_diff =>15
BUYING:[0k] 01:10:56 10.01.24 | CONUTER:1 time_diff =>5
BUYING:[0k] 01:10:58 10.01.24 | CONUTER:2 time_diff =>2
BUYING:[0k] 01:11:01 10.01.24 | CONUTER:3 time_diff =>3
BUYING:[0k] 01:11:03 10.01.24 | CONUTER:4 time_diff =>2
BUYING:[0k] 01:11:09 10.01.24 | CONUTER:5 time_diff =>6
BUYING:[X] 01:11:22 10.01.24 | CONUTER:0 time_diff =>13
BUYING:[0k] 01:11:24 10.01.24 | CONUTER:1 time_diff =>2
BUYING:[X] 01:11:37 10.01.24 | CONUTER:0 time_diff =>13
BUYING:[0k] 01:11:39 10.01.24 | CONUTER:1 time_diff =>2
BUYING:[X] 01:12:00 10.01.24 | CONUTER:0 time_diff =>21
BUYING:[X] 01:12:33 10.01.24 | CONUTER:0 time_diff =>33
BUYING:[0k] 01:12:35 10.01.24 | CONUTER:1 time_diff =>2
BUYING:[0k] 01:12:38 10.01.24 | CONUTER:2 time_diff =>3
BUYING:[X] 01:12:48 10.01.24 | CONUTER:0 time_diff =>10
BUYING:[X] 01:23:06 10.01.24 | CONUTER:0 time_diff =>618
BUYING:[0k] 01:23:08 10.01.24 | CONUTER:1 time_diff =>2
BUYING:[0k] 01:23:11 10.01.24 | CONUTER:2 time_diff =>3
BUYING:[X] 01:23:22 10.01.24 | CONUTER:0 time_diff =>11
BUYING:[0k] 01:23:24 10.01.24 | CONUTER:1 time_diff =>2
BUYING:[X] 01:23:39 10.01.24 | CONUTER:0 time_diff =>15
BUYING:[X] 01:24:12 10.01.24 | CONUTER:0 time_diff =>33
BUYING:[0k] 01:24:15 10.01.24 | CONUTER:1 time_diff =>3
BUYING:[0k] 01:24:18 10.01.24 | CONUTER:2 time_diff =>3
BUYING:[0k] 01:24:20 10.01.24 | CONUTER:3 time_diff =>2
BUYING:[0k] 01:24:25 10.01.24 | CONUTER:4 time_diff =>5
BUYING:[0k] 01:24:28 10.01.24 | CONUTER:5 time_diff =>3
BUYING:[0k] 01:24:30 10.01.24 | CONUTER:6 time_diff =>2
True BUYING: 01:24:30 price:46071.344 
	#46036.681#46071.344#46068.103#46069.022 
	-34.663000000000466 > 3.2409999999945285
	------------------------------

SELL:[X] 01:32:19 10.01.24 | CONUTER:0 time_diff =>469
SELL:[X] 01:32:42 10.01.24 | CONUTER:0 time_diff =>23
SELL:[0k] 01:32:44 10.01.24 | CONUTER:1 time_diff =>3
SELL:[0k] 01:32:47 10.01.24 | CONUTER:2 time_diff =>2
SELL:[0k] 01:32:50 10.01.24 | CONUTER:3 time_diff =>3
SELL:[X] 01:33:02 10.01.24 | CONUTER:0 time_diff =>12
SELL:[0k] 01:33:05 10.01.24 | CONUTER:1 time_diff =>3
SELL:[0k] 01:33:07 10.01.24 | CONUTER:2 time_diff =>2
SELL:[0k] 01:33:10 10.01.24 | CONUTER:3 time_diff =>3
SELL:[0k] 01:33:12 10.01.24 | CONUTER:4 time_diff =>2
SELL:[0k] 01:33:17 10.01.24 | CONUTER:5 time_diff =>5
SELL:[0k] 01:33:20 10.01.24 | CONUTER:6 time_diff =>3
SELL:[0k] 01:33:23 10.01.24 | CONUTER:7 time_diff =>3
=======<><><><><><><><><><><><><><><><><>======
    SELLING: 01:33:22 price:46116.92
	#| PROF=>46116.92 - 46071.344=> 0.09892483275504386% |#
	#46116.92#46119.357#46118.085#46138.796 
	------------------------------


BUYING:[X] 01:41:15 10.01.24 | CONUTER:0 time_diff =>472
BUYING:[X] 01:42:22 10.01.24 | CONUTER:0 time_diff =>67
BUYING:[0k] 01:42:25 10.01.24 | CONUTER:1 time_diff =>3
BUYING:[0k] 01:42:27 10.01.24 | CONUTER:2 time_diff =>2
BUYING:[0k] 01:42:30 10.01.24 | CONUTER:3 time_diff =>3
BUYING:[X] 01:42:52 10.01.24 | CONUTER:0 time_diff =>22
BUYING:[X] 01:44:03 10.01.24 | CONUTER:0 time_diff =>71
BUYING:[X] 01:44:10 10.01.24 | CONUTER:0 time_diff =>7
BUYING:[X] 01:44:56 10.01.24 | CONUTER:0 time_diff =>46
BUYING:[X] 01:45:04 10.01.24 | CONUTER:0 time_diff =>8
BUYING:[X] 01:45:52 10.01.24 | CONUTER:0 time_diff =>48
BUYING:[0k] 01:45:55 10.01.24 | CONUTER:1 time_diff =>3
BUYING:[X] 01:51:08 10.01.24 | CONUTER:0 time_diff =>313
BUYING:[X] 01:51:49 10.01.24 | CONUTER:0 time_diff =>41
BUYING:[X] 01:52:13 10.01.24 | CONUTER:0 time_diff =>24
BUYING:[0k] 01:52:16 10.01.24 | CONUTER:1 time_diff =>3
BUYING:[0k] 01:52:18 10.01.24 | CONUTER:2 time_diff =>2
BUYING:[0k] 01:52:21 10.01.24 | CONUTER:3 time_diff =>3
BUYING:[0k] 01:52:23 10.01.24 | CONUTER:4 time_diff =>2
BUYING:[0k] 01:52:26 10.01.24 | CONUTER:5 time_diff =>3
BUYING:[X] 01:52:36 10.01.24 | CONUTER:0 time_diff =>10
BUYING:[0k] 01:52:39 10.01.24 | CONUTER:1 time_diff =>3
BUYING:[0k] 01:52:41 10.01.24 | CONUTER:2 time_diff =>2
BUYING:[0k] 01:52:44 10.01.24 | CONUTER:3 time_diff =>3
BUYING:[0k] 01:52:46 10.01.24 | CONUTER:4 time_diff =>2
BUYING:[0k] 01:52:49 10.01.24 | CONUTER:5 time_diff =>3
BUYING:[0k] 01:52:51 10.01.24 | CONUTER:6 time_diff =>2
True BUYING: 01:52:51 price:46084.111 
	#46043.438#46084.111#46073.825#46073.639 
	-40.67299999999523 > 10.286000000000058
	------------------------------

SELL:[X] 01:55:34 10.01.24 | CONUTER:0 time_diff =>163