
BUYING:[X] 21:51:42 09.01.24 | CONUTER:0 time_diff =>278
BUYING:[X] 21:51:59 09.01.24 | CONUTER:0 time_diff =>17
BUYING:[0k] 21:52:01 09.01.24 | CONUTER:1 time_diff =>2
BUYING:[0k] 21:52:04 09.01.24 | CONUTER:2 time_diff =>3
BUYING:[0k] 21:52:06 09.01.24 | CONUTER:3 time_diff =>2
BUYING:[X] 21:52:16 09.01.24 | CONUTER:0 time_diff =>10
BUYING:[0k] 21:52:19 09.01.24 | CONUTER:1 time_diff =>3
BUYING:[0k] 21:52:21 09.01.24 | CONUTER:2 time_diff =>2
BUYING:[0k] 21:52:24 09.01.24 | CONUTER:3 time_diff =>3
BUYING:[0k] 21:52:26 09.01.24 | CONUTER:4 time_diff =>2
BUYING:[0k] 21:52:29 09.01.24 | CONUTER:5 time_diff =>3
BUYING:[0k] 21:52:31 09.01.24 | CONUTER:6 time_diff =>2
True BUYING: 21:52:31 price:46847.036 
	#46836.278#46847.036#46844.085#46844.287 
	-10.75800000000163 > 2.9510000000009313
	------------------------------

SELL:[X] 21:56:07 09.01.24 | CONUTER:0 time_diff =>216
SELL:[0k] 21:56:09 09.01.24 | CONUTER:1 time_diff =>2
SELL:[0k] 21:56:12 09.01.24 | CONUTER:2 time_diff =>3
SELL:[0k] 21:56:14 09.01.24 | CONUTER:3 time_diff =>2
SELL:[0k] 21:56:17 09.01.24 | CONUTER:4 time_diff =>3
SELL:[0k] 21:56:19 09.01.24 | CONUTER:5 time_diff =>2
SELL:[X] 21:57:01 09.01.24 | CONUTER:0 time_diff =>42
SELL:[X] 21:57:39 09.01.24 | CONUTER:0 time_diff =>38
SELL:[0k] 21:57:42 09.01.24 | CONUTER:1 time_diff =>3