
BUYING:[X] 00:02:10 10.01.24 | CONUTER:0 time_diff =>165
BUYING:[0k] 00:02:12 10.01.24 | CONUTER:1 time_diff =>2
BUYING:[X] 00:02:55 10.01.24 | CONUTER:0 time_diff =>43
BUYING:[0k] 00:02:58 10.01.24 | CONUTER:1 time_diff =>3
BUYING:[0k] 00:03:00 10.01.24 | CONUTER:2 time_diff =>2
BUYING:[0k] 00:03:05 10.01.24 | CONUTER:3 time_diff =>5
BUYING:[0k] 00:03:08 10.01.24 | CONUTER:4 time_diff =>3
BUYING:[X] 00:07:01 10.01.24 | CONUTER:0 time_diff =>233
BUYING:[0k] 00:07:03 10.01.24 | CONUTER:1 time_diff =>2
BUYING:[0k] 00:07:06 10.01.24 | CONUTER:2 time_diff =>3
BUYING:[0k] 00:07:08 10.01.24 | CONUTER:3 time_diff =>2
BUYING:[0k] 00:07:11 10.01.24 | CONUTER:4 time_diff =>3
BUYING:[0k] 00:07:14 10.01.24 | CONUTER:5 time_diff =>3
BUYING:[X] 00:07:21 10.01.24 | CONUTER:0 time_diff =>7
BUYING:[0k] 00:07:24 10.01.24 | CONUTER:1 time_diff =>3
BUYING:[0k] 00:07:26 10.01.24 | CONUTER:2 time_diff =>2
BUYING:[0k] 00:07:29 10.01.24 | CONUTER:3 time_diff =>3
BUYING:[0k] 00:07:31 10.01.24 | CONUTER:4 time_diff =>2
BUYING:[0k] 00:07:34 10.01.24 | CONUTER:5 time_diff =>3
BUYING:[0k] 00:07:36 10.01.24 | CONUTER:6 time_diff =>2
True BUYING: 00:07:36 price:45686.002 
	#45485.275#45686.002#45652.382#45654.715 
	-200.72699999999895 > 33.62000000000262
	------------------------------

SELL:[X] 00:11:41 10.01.24 | CONUTER:0 time_diff =>245
SELL:[0k] 00:11:44 10.01.24 | CONUTER:1 time_diff =>3
SELL:[X] 00:11:51 10.01.24 | CONUTER:0 time_diff =>7
SELL:[0k] 00:11:54 10.01.24 | CONUTER:1 time_diff =>3
SELL:[0k] 00:11:56 10.01.24 | CONUTER:2 time_diff =>2
SELL:[X] 00:12:29 10.01.24 | CONUTER:0 time_diff =>33
SELL:[0k] 00:12:32 10.01.24 | CONUTER:1 time_diff =>3
SELL:[0k] 00:12:34 10.01.24 | CONUTER:2 time_diff =>2
SELL:[0k] 00:12:37 10.01.24 | CONUTER:3 time_diff =>3
SELL:[0k] 00:12:39 10.01.24 | CONUTER:4 time_diff =>2
SELL:[X] 00:13:09 10.01.24 | CONUTER:0 time_diff =>30
SELL:[0k] 00:13:12 10.01.24 | CONUTER:1 time_diff =>3
SELL:[X] 00:14:34 10.01.24 | CONUTER:0 time_diff =>82
SELL:[0k] 00:14:37 10.01.24 | CONUTER:1 time_diff =>3
SELL:[0k] 00:14:40 10.01.24 | CONUTER:2 time_diff =>3
SELL:[0k] 00:14:43 10.01.24 | CONUTER:3 time_diff =>3
SELL:[0k] 00:14:45 10.01.24 | CONUTER:4 time_diff =>2
SELL:[0k] 00:14:48 10.01.24 | CONUTER:5 time_diff =>3
SELL:[0k] 00:14:50 10.01.24 | CONUTER:6 time_diff =>2
SELL:[0k] 00:14:53 10.01.24 | CONUTER:7 time_diff =>3
=======<><><><><><><><><><><><><><><><><>======
    SELLING: 00:14:52 price:45573.991
	#| PROF=>45573.991 - 45686.002=> -0.24517575427151322% |#
	#45573.991#45574.182#45578.325#45647.689 
	------------------------------


BUYING:[X] 00:16:37 10.01.24 | CONUTER:0 time_diff =>104
BUYING:[0k] 00:16:40 10.01.24 | CONUTER:1 time_diff =>3
BUYING:[0k] 00:16:42 10.01.24 | CONUTER:2 time_diff =>2
BUYING:[0k] 00:16:45 10.01.24 | CONUTER:3 time_diff =>3
BUYING:[0k] 00:16:47 10.01.24 | CONUTER:4 time_diff =>2
BUYING:[X] 00:20:12 10.01.24 | CONUTER:0 time_diff =>206
BUYING:[0k] 00:20:15 10.01.24 | CONUTER:1 time_diff =>2
BUYING:[X] 00:20:33 10.01.24 | CONUTER:0 time_diff =>18
BUYING:[0k] 00:20:36 10.01.24 | CONUTER:1 time_diff =>3
BUYING:[0k] 00:20:38 10.01.24 | CONUTER:2 time_diff =>2
BUYING:[0k] 00:20:41 10.01.24 | CONUTER:3 time_diff =>3
BUYING:[X] 00:20:51 10.01.24 | CONUTER:0 time_diff =>10
BUYING:[0k] 00:20:53 10.01.24 | CONUTER:1 time_diff =>2
BUYING:[0k] 00:20:56 10.01.24 | CONUTER:2 time_diff =>3
BUYING:[0k] 00:20:59 10.01.24 | CONUTER:3 time_diff =>3
BUYING:[0k] 00:21:04 10.01.24 | CONUTER:4 time_diff =>5
BUYING:[0k] 00:21:07 10.01.24 | CONUTER:5 time_diff =>3
BUYING:[X] 00:21:53 10.01.24 | CONUTER:0 time_diff =>46
BUYING:[X] 00:27:02 10.01.24 | CONUTER:0 time_diff =>309
BUYING:[0k] 00:27:05 10.01.24 | CONUTER:1 time_diff =>3
BUYING:[0k] 00:27:07 10.01.24 | CONUTER:2 time_diff =>2
BUYING:[0k] 00:27:10 10.01.24 | CONUTER:3 time_diff =>3
BUYING:[0k] 00:27:12 10.01.24 | CONUTER:4 time_diff =>2
BUYING:[0k] 00:27:15 10.01.24 | CONUTER:5 time_diff =>3
BUYING:[0k] 00:27:18 10.01.24 | CONUTER:6 time_diff =>3
True BUYING: 00:27:17 price:45791.071 
	#45691.402#45791.071#45772.659#45774.342 
	-99.66900000000169 > 18.4120000000039
	------------------------------

SELL:[X] 00:30:58 10.01.24 | CONUTER:0 time_diff =>220
SELL:[X] 00:40:04 10.01.24 | CONUTER:0 time_diff =>546
SELL:[0k] 00:40:07 10.01.24 | CONUTER:1 time_diff =>3
SELL:[X] 00:46:44 10.01.24 | CONUTER:0 time_diff =>397
SELL:[0k] 00:46:46 10.01.24 | CONUTER:1 time_diff =>2
SELL:[0k] 00:46:49 10.01.24 | CONUTER:2 time_diff =>3
SELL:[0k] 00:46:52 10.01.24 | CONUTER:3 time_diff =>3
SELL:[0k] 00:46:54 10.01.24 | CONUTER:4 time_diff =>2
SELL:[0k] 00:46:57 10.01.24 | CONUTER:5 time_diff =>3
SELL:[0k] 00:46:59 10.01.24 | CONUTER:6 time_diff =>2
SELL:[0k] 00:47:02 10.01.24 | CONUTER:7 time_diff =>3
=======<><><><><><><><><><><><><><><><><>======
    SELLING: 00:47:01 price:45870.57
	#| PROF=>45870.57 - 45791.071=> 0.1736124494663952% |#
	#45870.57#45883.279#45886.062#45985.389 
	------------------------------


BUYING:[X] 00:48:34 10.01.24 | CONUTER:0 time_diff =>92
BUYING:[0k] 00:48:36 10.01.24 | CONUTER:1 time_diff =>2
BUYING:[0k] 00:48:39 10.01.24 | CONUTER:2 time_diff =>3
BUYING:[0k] 00:48:41 10.01.24 | CONUTER:3 time_diff =>2
BUYING:[X] 00:48:57 10.01.24 | CONUTER:0 time_diff =>16
BUYING:[0k] 00:48:59 10.01.24 | CONUTER:1 time_diff =>2
BUYING:[0k] 00:49:02 10.01.24 | CONUTER:2 time_diff =>3
BUYING:[0k] 00:49:04 10.01.24 | CONUTER:3 time_diff =>2
BUYING:[0k] 00:49:07 10.01.24 | CONUTER:4 time_diff =>3
BUYING:[0k] 00:49:10 10.01.24 | CONUTER:5 time_diff =>3
BUYING:[0k] 00:49:12 10.01.24 | CONUTER:6 time_diff =>2
True BUYING: 00:49:12 price:46014.423 
	#45969.793#46014.423#46009.197#46008.817 
	-44.63000000000466 > 5.2260000000023865
	------------------------------

SELL:[X] 00:51:03 10.01.24 | CONUTER:0 time_diff =>111
SELL:[X] 00:51:39 10.01.24 | CONUTER:0 time_diff =>36
SELL:[0k] 00:51:42 10.01.24 | CONUTER:1 time_diff =>3
SELL:[0k] 00:51:44 10.01.24 | CONUTER:2 time_diff =>2
SELL:[0k] 00:51:47 10.01.24 | CONUTER:3 time_diff =>3
SELL:[0k] 00:51:50 10.01.24 | CONUTER:4 time_diff =>3
SELL:[X] 00:53:07 10.01.24 | CONUTER:0 time_diff =>77
SELL:[0k] 00:53:09 10.01.24 | CONUTER:1 time_diff =>2
SELL:[X] 00:53:59 10.01.24 | CONUTER:0 time_diff =>50
SELL:[0k] 00:54:01 10.01.24 | CONUTER:1 time_diff =>2
SELL:[0k] 00:54:04 10.01.24 | CONUTER:2 time_diff =>3