
BUYING:[X] 23:00:02 09.01.24 | CONUTER:0 time_diff =>731
BUYING:[0k] 23:00:05 09.01.24 | CONUTER:1 time_diff =>3
BUYING:[0k] 23:00:07 09.01.24 | CONUTER:2 time_diff =>2
BUYING:[0k] 23:00:09 09.01.24 | CONUTER:3 time_diff =>2
BUYING:[0k] 23:00:15 09.01.24 | CONUTER:4 time_diff =>6
BUYING:[0k] 23:00:17 09.01.24 | CONUTER:5 time_diff =>2
BUYING:[X] 23:00:27 09.01.24 | CONUTER:0 time_diff =>10
BUYING:[X] 23:01:04 09.01.24 | CONUTER:0 time_diff =>37
BUYING:[0k] 23:01:09 09.01.24 | CONUTER:1 time_diff =>5
BUYING:[0k] 23:01:12 09.01.24 | CONUTER:2 time_diff =>3
BUYING:[0k] 23:01:14 09.01.24 | CONUTER:3 time_diff =>2
BUYING:[0k] 23:01:17 09.01.24 | CONUTER:4 time_diff =>3
BUYING:[0k] 23:01:19 09.01.24 | CONUTER:5 time_diff =>2
BUYING:[X] 23:01:44 09.01.24 | CONUTER:0 time_diff =>25
BUYING:[0k] 23:01:47 09.01.24 | CONUTER:1 time_diff =>3
BUYING:[0k] 23:01:49 09.01.24 | CONUTER:2 time_diff =>2
BUYING:[0k] 23:01:52 09.01.24 | CONUTER:3 time_diff =>3
BUYING:[0k] 23:01:55 09.01.24 | CONUTER:4 time_diff =>3
BUYING:[X] 23:02:35 09.01.24 | CONUTER:0 time_diff =>40
BUYING:[0k] 23:02:38 09.01.24 | CONUTER:1 time_diff =>3
BUYING:[0k] 23:02:40 09.01.24 | CONUTER:2 time_diff =>2
BUYING:[0k] 23:02:43 09.01.24 | CONUTER:3 time_diff =>3
BUYING:[0k] 23:02:45 09.01.24 | CONUTER:4 time_diff =>2
BUYING:[0k] 23:02:47 09.01.24 | CONUTER:5 time_diff =>2
BUYING:[0k] 23:02:50 09.01.24 | CONUTER:6 time_diff =>3
True BUYING: 23:02:49 price:46708.591 
	#46658.872#46708.591#46700.505#46700.05 
	-49.71899999999732 > 8.086000000002969
	------------------------------

SELL:[X] 23:09:44 09.01.24 | CONUTER:0 time_diff =>414
SELL:[0k] 23:09:47 09.01.24 | CONUTER:1 time_diff =>3
SELL:[0k] 23:09:49 09.01.24 | CONUTER:2 time_diff =>2
SELL:[0k] 23:09:52 09.01.24 | CONUTER:3 time_diff =>3
SELL:[0k] 23:09:54 09.01.24 | CONUTER:4 time_diff =>2
SELL:[X] 23:10:25 09.01.24 | CONUTER:0 time_diff =>31
SELL:[0k] 23:10:28 09.01.24 | CONUTER:1 time_diff =>3
SELL:[0k] 23:10:30 09.01.24 | CONUTER:2 time_diff =>2
SELL:[0k] 23:10:34 09.01.24 | CONUTER:3 time_diff =>4
SELL:[0k] 23:10:37 09.01.24 | CONUTER:4 time_diff =>3
SELL:[0k] 23:10:39 09.01.24 | CONUTER:5 time_diff =>2
SELL:[0k] 23:10:42 09.01.24 | CONUTER:6 time_diff =>3
SELL:[0k] 23:10:44 09.01.24 | CONUTER:7 time_diff =>2
=======<><><><><><><><><><><><><><><><><>======
    SELLING: 23:10:44 price:46723.74
	#| PROF=>46723.74 - 46708.591=> 0.03243300573977411% |#
	#46723.74#46726.334#46725.689#46754.162 
	------------------------------


BUYING:[X] 23:12:45 09.01.24 | CONUTER:0 time_diff =>121
BUYING:[0k] 23:12:47 09.01.24 | CONUTER:1 time_diff =>2
BUYING:[X] 23:12:57 09.01.24 | CONUTER:0 time_diff =>10
BUYING:[0k] 23:13:00 09.01.24 | CONUTER:1 time_diff =>3
BUYING:[0k] 23:13:02 09.01.24 | CONUTER:2 time_diff =>2
BUYING:[X] 23:13:35 09.01.24 | CONUTER:0 time_diff =>33
BUYING:[0k] 23:13:37 09.01.24 | CONUTER:1 time_diff =>2
BUYING:[0k] 23:13:39 09.01.24 | CONUTER:2 time_diff =>2
BUYING:[0k] 23:13:42 09.01.24 | CONUTER:3 time_diff =>3
BUYING:[0k] 23:13:45 09.01.24 | CONUTER:4 time_diff =>3
BUYING:[0k] 23:13:47 09.01.24 | CONUTER:5 time_diff =>2
BUYING:[X] 23:13:54 09.01.24 | CONUTER:0 time_diff =>7
BUYING:[0k] 23:13:57 09.01.24 | CONUTER:1 time_diff =>3
BUYING:[X] 23:14:04 09.01.24 | CONUTER:0 time_diff =>7
BUYING:[0k] 23:14:10 09.01.24 | CONUTER:1 time_diff =>6
BUYING:[0k] 23:14:15 09.01.24 | CONUTER:2 time_diff =>5
BUYING:[0k] 23:14:17 09.01.24 | CONUTER:3 time_diff =>2
BUYING:[0k] 23:14:20 09.01.24 | CONUTER:4 time_diff =>3
BUYING:[0k] 23:14:22 09.01.24 | CONUTER:5 time_diff =>2
BUYING:[0k] 23:14:25 09.01.24 | CONUTER:6 time_diff =>3
True BUYING: 23:14:24 price:47866.015 
	#47279.178#47866.015#47742.256#47747.63 
	-586.8369999999995 > 123.7589999999982
	------------------------------

SELL:[X] 23:16:07 09.01.24 | CONUTER:0 time_diff =>102
SELL:[0k] 23:16:10 09.01.24 | CONUTER:1 time_diff =>3
SELL:[0k] 23:16:12 09.01.24 | CONUTER:2 time_diff =>2
SELL:[0k] 23:16:15 09.01.24 | CONUTER:3 time_diff =>3
SELL:[0k] 23:16:17 09.01.24 | CONUTER:4 time_diff =>2
SELL:[0k] 23:16:20 09.01.24 | CONUTER:5 time_diff =>3
SELL:[0k] 23:16:22 09.01.24 | CONUTER:6 time_diff =>2
SELL:[X] 23:16:48 09.01.24 | CONUTER:0 time_diff =>26
SELL:[0k] 23:16:50 09.01.24 | CONUTER:1 time_diff =>2
SELL:[0k] 23:16:53 09.01.24 | CONUTER:2 time_diff =>3
SELL:[0k] 23:16:55 09.01.24 | CONUTER:3 time_diff =>2
SELL:[0k] 23:16:58 09.01.24 | CONUTER:4 time_diff =>3
SELL:[0k] 23:17:00 09.01.24 | CONUTER:5 time_diff =>2
SELL:[0k] 23:17:03 09.01.24 | CONUTER:6 time_diff =>3
SELL:[0k] 23:17:05 09.01.24 | CONUTER:7 time_diff =>2
=======<><><><><><><><><><><><><><><><><>======
    SELLING: 23:17:05 price:46637.262
	#| PROF=>46637.262 - 47866.015=> -2.567067678393526% |#
	#46637.262#46897.948#46900.03#47441.256 
	------------------------------


BUYING:[X] 23:19:55 09.01.24 | CONUTER:0 time_diff =>170
BUYING:[0k] 23:19:57 09.01.24 | CONUTER:1 time_diff =>2
BUYING:[0k] 23:20:00 09.01.24 | CONUTER:2 time_diff =>3
BUYING:[X] 23:24:42 09.01.24 | CONUTER:0 time_diff =>282
BUYING:[X] 23:29:52 09.01.24 | CONUTER:0 time_diff =>310
BUYING:[0k] 23:29:54 09.01.24 | CONUTER:1 time_diff =>2
BUYING:[X] 23:30:15 09.01.24 | CONUTER:0 time_diff =>21
BUYING:[0k] 23:30:17 09.01.24 | CONUTER:1 time_diff =>2
BUYING:[0k] 23:30:20 09.01.24 | CONUTER:2 time_diff =>3
BUYING:[0k] 23:30:22 09.01.24 | CONUTER:3 time_diff =>2
BUYING:[0k] 23:30:25 09.01.24 | CONUTER:4 time_diff =>3
BUYING:[X] 23:30:43 09.01.24 | CONUTER:0 time_diff =>18
BUYING:[0k] 23:30:45 09.01.24 | CONUTER:1 time_diff =>2
BUYING:[X] 23:30:55 09.01.24 | CONUTER:0 time_diff =>10
BUYING:[0k] 23:30:58 09.01.24 | CONUTER:1 time_diff =>3
BUYING:[0k] 23:31:01 09.01.24 | CONUTER:2 time_diff =>3
BUYING:[0k] 23:31:03 09.01.24 | CONUTER:3 time_diff =>2
BUYING:[0k] 23:31:06 09.01.24 | CONUTER:4 time_diff =>3
BUYING:[0k] 23:31:08 09.01.24 | CONUTER:5 time_diff =>2
BUYING:[X] 23:31:39 09.01.24 | CONUTER:0 time_diff =>31
BUYING:[0k] 23:31:41 09.01.24 | CONUTER:1 time_diff =>2
BUYING:[X] 23:34:57 09.01.24 | CONUTER:0 time_diff =>196
BUYING:[0k] 23:35:00 09.01.24 | CONUTER:1 time_diff =>3
BUYING:[X] 23:35:18 09.01.24 | CONUTER:0 time_diff =>18
BUYING:[0k] 23:35:23 09.01.24 | CONUTER:1 time_diff =>5
BUYING:[0k] 23:35:26 09.01.24 | CONUTER:2 time_diff =>3
BUYING:[0k] 23:35:31 09.01.24 | CONUTER:3 time_diff =>5
BUYING:[0k] 23:35:33 09.01.24 | CONUTER:4 time_diff =>2
BUYING:[0k] 23:35:36 09.01.24 | CONUTER:5 time_diff =>3
BUYING:[0k] 23:35:38 09.01.24 | CONUTER:6 time_diff =>2
True BUYING: 23:35:38 price:45971.211 
	#45833.188#45971.211#45942.344#45946.626 
	-138.02300000000105 > 28.867000000005646
	------------------------------

SELL:[X] 23:43:11 09.01.24 | CONUTER:0 time_diff =>453
SELL:[X] 23:43:21 09.01.24 | CONUTER:0 time_diff =>10
SELL:[0k] 23:43:24 09.01.24 | CONUTER:1 time_diff =>3
SELL:[0k] 23:43:26 09.01.24 | CONUTER:2 time_diff =>2
SELL:[0k] 23:43:29 09.01.24 | CONUTER:3 time_diff =>3
SELL:[0k] 23:43:31 09.01.24 | CONUTER:4 time_diff =>2
SELL:[0k] 23:43:34 09.01.24 | CONUTER:5 time_diff =>3
SELL:[0k] 23:43:37 09.01.24 | CONUTER:6 time_diff =>3
SELL:[0k] 23:43:39 09.01.24 | CONUTER:7 time_diff =>2
=======<><><><><><><><><><><><><><><><><>======
    SELLING: 23:43:39 price:46096.004
	#| PROF=>46096.004 - 45971.211=> 0.27145902247386483% |#
	#46096.004#46138.58#46140.929#46197.815 
	------------------------------


BUYING:[X] 23:50:30 09.01.24 | CONUTER:0 time_diff =>411
BUYING:[0k] 23:50:33 09.01.24 | CONUTER:1 time_diff =>3
BUYING:[0k] 23:50:35 09.01.24 | CONUTER:2 time_diff =>2
BUYING:[0k] 23:50:40 09.01.24 | CONUTER:3 time_diff =>5
BUYING:[0k] 23:50:43 09.01.24 | CONUTER:4 time_diff =>3
BUYING:[0k] 23:50:45 09.01.24 | CONUTER:5 time_diff =>2
BUYING:[0k] 23:50:48 09.01.24 | CONUTER:6 time_diff =>3
True BUYING: 23:50:47 price:45910.791 
	#45878.425#45910.791#45906.497#45904.447 
	-32.36599999999453 > 4.293999999994412
	------------------------------

SELL:[X] 23:51:23 09.01.24 | CONUTER:0 time_diff =>35
SELL:[X] 23:51:39 09.01.24 | CONUTER:0 time_diff =>16
SELL:[0k] 23:51:41 09.01.24 | CONUTER:1 time_diff =>2
SELL:[0k] 23:51:44 09.01.24 | CONUTER:2 time_diff =>3
SELL:[0k] 23:51:46 09.01.24 | CONUTER:3 time_diff =>2
SELL:[0k] 23:51:49 09.01.24 | CONUTER:4 time_diff =>3
SELL:[0k] 23:51:52 09.01.24 | CONUTER:5 time_diff =>3
SELL:[0k] 23:51:54 09.01.24 | CONUTER:6 time_diff =>2
SELL:[0k] 23:51:56 09.01.24 | CONUTER:7 time_diff =>3
=======<><><><><><><><><><><><><><><><><>======
    SELLING: 23:51:56 price:45773.611
	#| PROF=>45773.611 - 45910.791=> -0.2987968558415826% |#
	#45773.611#45789.226#45791.431#45846.579 
	------------------------------


BUYING:[X] 23:59:25 09.01.24 | CONUTER:0 time_diff =>448