
BUYING:[X] 11:03:49 11.01.24 | CONUTER:0 time_diff =>508
BUYING:[0k] 11:03:52 11.01.24 | CONUTER:1 time_diff =>3
BUYING:[0k] 11:03:55 11.01.24 | CONUTER:2 time_diff =>3
BUYING:[X] 11:13:47 11.01.24 | CONUTER:0 time_diff =>592
BUYING:[X] 11:14:15 11.01.24 | CONUTER:0 time_diff =>28
BUYING:[0k] 11:14:17 11.01.24 | CONUTER:1 time_diff =>2
BUYING:[X] 11:15:37 11.01.24 | CONUTER:0 time_diff =>80
BUYING:[0k] 11:15:39 11.01.24 | CONUTER:1 time_diff =>2
BUYING:[0k] 11:15:42 11.01.24 | CONUTER:2 time_diff =>3
BUYING:[0k] 11:15:44 11.01.24 | CONUTER:3 time_diff =>2
BUYING:[0k] 11:15:47 11.01.24 | CONUTER:4 time_diff =>3
BUYING:[0k] 11:15:50 11.01.24 | CONUTER:5 time_diff =>3
BUYING:[0k] 11:15:52 11.01.24 | CONUTER:6 time_diff =>2
BUYING:[0k] 11:15:54 11.01.24 | CONUTER:7 time_diff =>2
True BUYING: 11:15:54 price:46259.71 
	#46279.655#46259.71#46268.873#46268.789 
	19.94499999999971 > -9.163000000000466
	------------------------------

SELL:[X] 11:24:13 11.01.24 | CONUTER:0 time_diff =>499
SELL:[0k] 11:24:15 11.01.24 | CONUTER:1 time_diff =>2
SELL:[0k] 11:24:18 11.01.24 | CONUTER:2 time_diff =>3
SELL:[0k] 11:24:21 11.01.24 | CONUTER:3 time_diff =>3
SELL:[0k] 11:24:23 11.01.24 | CONUTER:4 time_diff =>2
SELL:[0k] 11:24:26 11.01.24 | CONUTER:5 time_diff =>3
SELL:[0k] 11:24:29 11.01.24 | CONUTER:6 time_diff =>3
SELL:[0k] 11:24:32 11.01.24 | CONUTER:7 time_diff =>3
=======<><><><><><><><><><><><><><><><><>======
    SELLING: 11:24:31 price:46304.005
	#| PROF=>46304.005 - 46259.71=> -0.0958% |#
	#46304.005#46301.811#46302.342#46288.566 
	------------------------------


BUYING:[X] 11:34:34 11.01.24 | CONUTER:0 time_diff =>602
BUYING:[0k] 11:34:36 11.01.24 | CONUTER:1 time_diff =>2
BUYING:[0k] 11:34:39 11.01.24 | CONUTER:2 time_diff =>3
BUYING:[0k] 11:34:42 11.01.24 | CONUTER:3 time_diff =>3
BUYING:[0k] 11:34:45 11.01.24 | CONUTER:4 time_diff =>3
BUYING:[0k] 11:34:47 11.01.24 | CONUTER:5 time_diff =>2
BUYING:[0k] 11:34:50 11.01.24 | CONUTER:6 time_diff =>3
BUYING:[X] 11:53:12 11.01.24 | CONUTER:0 time_diff =>1102
BUYING:[0k] 11:53:14 11.01.24 | CONUTER:1 time_diff =>2
BUYING:[0k] 11:53:17 11.01.24 | CONUTER:2 time_diff =>3
BUYING:[0k] 11:53:20 11.01.24 | CONUTER:3 time_diff =>3
BUYING:[0k] 11:53:22 11.01.24 | CONUTER:4 time_diff =>2
BUYING:[0k] 11:53:25 11.01.24 | CONUTER:5 time_diff =>3
BUYING:[0k] 11:53:28 11.01.24 | CONUTER:6 time_diff =>3
BUYING:[0k] 11:53:31 11.01.24 | CONUTER:7 time_diff =>3
True BUYING: 11:53:30 price:46263.351 
	#46280.188#46263.351#46265.297#46265.721 
	16.836999999999534 > -1.9459999999962747
	------------------------------
