
BUYING:[X] 08:08:07 11.01.24 | CONUTER:0 time_diff =>995
BUYING:[0k] 08:08:09 11.01.24 | CONUTER:1 time_diff =>2
BUYING:[0k] 08:08:12 11.01.24 | CONUTER:2 time_diff =>3
BUYING:[0k] 08:08:14 11.01.24 | CONUTER:3 time_diff =>2
BUYING:[0k] 08:08:17 11.01.24 | CONUTER:4 time_diff =>3
BUYING:[0k] 08:08:19 11.01.24 | CONUTER:5 time_diff =>2
BUYING:[0k] 08:08:22 11.01.24 | CONUTER:6 time_diff =>3
BUYING:[0k] 08:08:24 11.01.24 | CONUTER:7 time_diff =>2
True BUYING: 08:08:24 price:45888.71 
	#46045.439#45888.71#45923.007#45922.594 
	156.72899999999936 > -34.29699999999866
	------------------------------

SELL:[X] 08:26:58 11.01.24 | CONUTER:0 time_diff =>1114
SELL:[0k] 08:27:01 11.01.24 | CONUTER:1 time_diff =>3
SELL:[0k] 08:27:03 11.01.24 | CONUTER:2 time_diff =>2
SELL:[0k] 08:27:05 11.01.24 | CONUTER:3 time_diff =>2
SELL:[0k] 08:27:08 11.01.24 | CONUTER:4 time_diff =>3
SELL:[0k] 08:27:10 11.01.24 | CONUTER:5 time_diff =>2
SELL:[0k] 08:27:13 11.01.24 | CONUTER:6 time_diff =>3
SELL:[0k] 08:27:15 11.01.24 | CONUTER:7 time_diff =>2
=======<><><><><><><><><><><><><><><><><>======
    SELLING: 08:27:15 price:45790.702
	#| PROF=>45790.702 - 45888.71=> 0.2136% |#
	#45790.702#45783.01#45782.556#45756.103 
	------------------------------


BUYING:[X] 08:53:58 11.01.24 | CONUTER:0 time_diff =>1603
BUYING:[0k] 08:54:01 11.01.24 | CONUTER:1 time_diff =>3
BUYING:[0k] 08:54:03 11.01.24 | CONUTER:2 time_diff =>2
BUYING:[X] 08:54:25 11.01.24 | CONUTER:0 time_diff =>22
BUYING:[0k] 08:54:28 11.01.24 | CONUTER:1 time_diff =>3
BUYING:[X] 08:55:07 11.01.24 | CONUTER:0 time_diff =>39
BUYING:[0k] 08:55:10 11.01.24 | CONUTER:1 time_diff =>3
BUYING:[0k] 08:55:12 11.01.24 | CONUTER:2 time_diff =>2
BUYING:[0k] 08:55:15 11.01.24 | CONUTER:3 time_diff =>3
BUYING:[0k] 08:55:17 11.01.24 | CONUTER:4 time_diff =>2
BUYING:[0k] 08:55:20 11.01.24 | CONUTER:5 time_diff =>3
BUYING:[X] 08:55:28 11.01.24 | CONUTER:0 time_diff =>8
BUYING:[0k] 08:55:30 11.01.24 | CONUTER:1 time_diff =>2
BUYING:[0k] 08:55:33 11.01.24 | CONUTER:2 time_diff =>3
BUYING:[0k] 08:55:36 11.01.24 | CONUTER:3 time_diff =>3
BUYING:[0k] 08:55:38 11.01.24 | CONUTER:4 time_diff =>2
BUYING:[0k] 08:55:41 11.01.24 | CONUTER:5 time_diff =>3
BUYING:[0k] 08:55:43 11.01.24 | CONUTER:6 time_diff =>2
BUYING:[0k] 08:55:46 11.01.24 | CONUTER:7 time_diff =>3
True BUYING: 08:55:45 price:45872.96 
	#45894.639#45872.96#45874.449#45874.24 
	21.679000000003725 > -1.489000000001397
	------------------------------
