
[----------------------------------------]
 price_PART2:43437.505 > price_PART1:43436.821=>True 
 short_PART2:43430.992 > short_PART1:43430.839=>True 
 medium_PART2:43415.755 > medium_PART1:43415.589=>True 
	 BUYING: 00:00:34 price:43443.981 

[----------------------------------------]

[----------------------------------------]
 price_PART2:43443.736 > price_PART1:43441.978=>True 
 short_PART2:43412.48 > short_PART1:43412.3=>True 
 medium_PART2:43431.991 > medium_PART1:43431.621=>True 
	 BUYING: 00:07:18 price:43443.531 

[----------------------------------------]

[----------------------------------------]
 price_PART2:43443.532 > price_PART1:43442.867=>True 
 short_PART2:43412.966 > short_PART1:43412.167=>True 
 medium_PART2:43432.223 > medium_PART1:43431.869=>True 
	 BUYING: 00:07:23 price:43443.533 

[----------------------------------------]

[----------------------------------------]
 price_PART2:43441.914 > price_PART1:43441.414=>True 
 short_PART2:43422.254 > short_PART1:43418.576=>True 
 medium_PART2:43433.802 > medium_PART1:43433.468=>True 
	 BUYING: 00:08:07 price:43436.739 

[----------------------------------------]

[----------------------------------------]
 price_PART2:43441.198 > price_PART1:43440.997=>True 
 short_PART2:43423.574 > short_PART1:43419.745=>True 
 medium_PART2:43433.976 > medium_PART1:43433.699=>True 
	 BUYING: 00:08:12 price:43436.738 

[----------------------------------------]

[----------------------------------------]
 price_PART2:43453.123 > price_PART1:43450.326=>True 
 short_PART2:43440.047 > short_PART1:43437.419=>True 
 medium_PART2:43437.725 > medium_PART1:43437.476=>True 
	 BUYING: 00:09:44 price:43441.109 

[----------------------------------------]

[----------------------------------------]
 price_PART2:43274.702 > price_PART1:43274.284=>True 
 short_PART2:43263.196 > short_PART1:43261.787=>True 
 medium_PART2:43263.99 > medium_PART1:43263.986=>True 
	 BUYING: 00:53:38 price:43274.703 

[----------------------------------------]

[----------------------------------------]
 price_PART2:43274.703 > price_PART1:43274.702=>True 
 short_PART2:43263.662 > short_PART1:43262.259=>True 
 medium_PART2:43264.04 > medium_PART1:43263.978=>True 
	 BUYING: 00:53:43 price:43274.707 

[----------------------------------------]
