
[----------------------------------------]
 price_PART2:43255.58 > price_PART1:43234.233=>True 
 short_PART2:43225.234 > short_PART1:43224.869=>True 
 medium_PART2:43253.459 > medium_PART1:43253.451=>True 
	 BUYING: 01:02:15 price:43269.962 

[----------------------------------------]

[----------------------------------------]
 price_PART2:43260.932 > price_PART1:43237.027=>True 
 short_PART2:43225.728 > short_PART1:43224.859=>True 
 medium_PART2:43253.499 > medium_PART1:43253.452=>True 
	 BUYING: 01:02:20 price:43277.991 

[----------------------------------------]

[----------------------------------------]
 price_PART2:43256.524 > price_PART1:43238.575=>True 
 short_PART2:43257.629 > short_PART1:43256.022=>True 
 medium_PART2:43252.149 > medium_PART1:43252.142=>True 
	 BUYING: 01:05:30 price:43267.721 

[----------------------------------------]

[----------------------------------------]
 price_PART2:43239.374 > price_PART1:43236.958=>True 
 short_PART2:43231.325 > short_PART1:43231.321=>True 
 medium_PART2:43247.379 > medium_PART1:43247.141=>True 
	 BUYING: 01:16:57 price:43247.741 

[----------------------------------------]

[----------------------------------------]
 price_PART2:43241.855 > price_PART1:43236.374=>True 
 short_PART2:43231.438 > short_PART1:43231.34=>True 
 medium_PART2:43247.576 > medium_PART1:43247.294=>True 
	 BUYING: 01:17:02 price:43245.038 

[----------------------------------------]

[----------------------------------------]
 price_PART2:43239.869 > price_PART1:43237.247=>True 
 short_PART2:43231.707 > short_PART1:43231.303=>True 
 medium_PART2:43247.835 > medium_PART1:43247.576=>True 
	 BUYING: 01:17:10 price:43235.993 

[----------------------------------------]

[----------------------------------------]
 price_PART2:43238.865 > price_PART1:43237.058=>True 
 short_PART2:43231.777 > short_PART1:43231.368=>True 
 medium_PART2:43247.987 > medium_PART1:43247.758=>True 
	 BUYING: 01:17:15 price:43235.992 

[----------------------------------------]

[----------------------------------------]
 price_PART2:43239.125 > price_PART1:43236.699=>True 
 short_PART2:43231.753 > short_PART1:43231.529=>True 
 medium_PART2:43248.107 > medium_PART1:43247.908=>True 
	 BUYING: 01:17:20 price:43239.99 

[----------------------------------------]

[----------------------------------------]
 price_PART2:43240.121 > price_PART1:43237.622=>True 
 short_PART2:43231.736 > short_PART1:43231.707=>True 
 medium_PART2:43248.138 > medium_PART1:43248.058=>True 
	 BUYING: 01:17:25 price:43242.512 

[----------------------------------------]

[----------------------------------------]
 price_PART2:43170.959 > price_PART1:43158.478=>True 
 short_PART2:43154.855 > short_PART1:43154.232=>True 
 medium_PART2:43162.808 > medium_PART1:43162.77=>True 
	 BUYING: 01:50:52 price:43168.004 

[----------------------------------------]

[----------------------------------------]
 price_PART2:43170.471 > price_PART1:43160.668=>True 
 short_PART2:43155.146 > short_PART1:43154.419=>True 
 medium_PART2:43162.843 > medium_PART1:43162.778=>True 
	 BUYING: 01:50:57 price:43168.003 

[----------------------------------------]

[----------------------------------------]
 price_PART2:43169.787 > price_PART1:43162.986=>True 
 short_PART2:43155.509 > short_PART1:43154.613=>True 
 medium_PART2:43162.879 > medium_PART1:43162.825=>True 
	 BUYING: 01:51:02 price:43167.2 

[----------------------------------------]

[----------------------------------------]
 price_PART2:43169.007 > price_PART1:43165.304=>True 
 short_PART2:43155.905 > short_PART1:43154.855=>True 
 medium_PART2:43162.925 > medium_PART1:43162.862=>True 
	 BUYING: 01:51:07 price:43166.857 

[----------------------------------------]

[----------------------------------------]
 price_PART2:43168.199 > price_PART1:43167.622=>True 
 short_PART2:43156.293 > short_PART1:43155.146=>True 
 medium_PART2:43163.008 > medium_PART1:43162.896=>True 
	 BUYING: 01:51:12 price:43166.853 

[----------------------------------------]

[----------------------------------------]
 price_PART2:43170.494 > price_PART1:43170.162=>True 
 short_PART2:43157.756 > short_PART1:43156.479=>True 
 medium_PART2:43163.331 > medium_PART1:43163.198=>True 
	 BUYING: 01:51:30 price:43179.99 

[----------------------------------------]

[----------------------------------------]
 price_PART2:43173.042 > price_PART1:43169.411=>True 
 short_PART2:43158.393 > short_PART1:43156.834=>True 
 medium_PART2:43163.346 > medium_PART1:43163.302=>True 
	 BUYING: 01:51:35 price:43184.982 

[----------------------------------------]

[----------------------------------------]
 price_PART2:43176.256 > price_PART1:43168.603=>True 
 short_PART2:43159.128 > short_PART1:43157.238=>True 
 medium_PART2:43163.406 > medium_PART1:43163.336=>True 
	 BUYING: 01:51:41 price:43186.14 

[----------------------------------------]

[----------------------------------------]
 price_PART2:43184.653 > price_PART1:43168.496=>True 
 short_PART2:43161.507 > short_PART1:43159.128=>True 
 medium_PART2:43163.643 > medium_PART1:43163.526=>True 
	 BUYING: 01:51:56 price:43177.102 

[----------------------------------------]

[----------------------------------------]
 price_PART2:43184.987 > price_PART1:43170.494=>True 
 short_PART2:43162.27 > short_PART1:43159.9=>True 
 medium_PART2:43163.697 > medium_PART1:43163.61=>True 
	 BUYING: 01:52:01 price:43181.995 

[----------------------------------------]

[----------------------------------------]
 price_PART2:43184.407 > price_PART1:43173.042=>True 
 short_PART2:43162.979 > short_PART1:43160.705=>True 
 medium_PART2:43163.748 > medium_PART1:43163.67=>True 
	 BUYING: 01:52:06 price:43176.006 

[----------------------------------------]

[----------------------------------------]
 price_PART2:43159.715 > price_PART1:43158.764=>True 
 short_PART2:43143.111 > short_PART1:43141.762=>True 
 medium_PART2:43152.238 > medium_PART1:43152.206=>True 
	 BUYING: 01:59:05 price:43159.993 

[----------------------------------------]
