
[----------------------------------------]
 price_PART2:42855.29 > price_PART1:42839.097=>True 
 short_PART2:42840.851 > short_PART1:42840.849=>True 
 medium_PART2:42860.227 > medium_PART1:42860.226=>True 
	 BUYING: 06:15:08 price:42860.291 

[----------------------------------------]

[----------------------------------------]
 price_PART2:42856.972 > price_PART1:42841.922=>True 
 short_PART2:42840.929 > short_PART1:42840.793=>True 
 medium_PART2:42860.23 > medium_PART1:42860.225=>True 
	 BUYING: 06:15:14 price:42860.291 

[----------------------------------------]

[----------------------------------------]
 price_PART2:42858.58 > price_PART1:42844.821=>True 
 short_PART2:42841.019 > short_PART1:42840.795=>True 
 medium_PART2:42860.234 > medium_PART1:42860.229=>True 
	 BUYING: 06:15:20 price:42860.291 

[----------------------------------------]

[----------------------------------------]
 price_PART2:42859.745 > price_PART1:42848.162=>True 
 short_PART2:42841.122 > short_PART1:42840.851=>True 
 medium_PART2:42860.248 > medium_PART1:42860.232=>True 
	 BUYING: 06:15:25 price:42860.292 

[----------------------------------------]

[----------------------------------------]
 price_PART2:42860.164 > price_PART1:42851.539=>True 
 short_PART2:42841.291 > short_PART1:42840.929=>True 
 medium_PART2:42860.271 > medium_PART1:42860.239=>True 
	 BUYING: 06:15:30 price:42860.292 

[----------------------------------------]

[----------------------------------------]
 price_PART2:42859.936 > price_PART1:42853.609=>True 
 short_PART2:42841.523 > short_PART1:42841.019=>True 
 medium_PART2:42860.292 > medium_PART1:42860.26=>True 
	 BUYING: 06:15:35 price:42858.16 

[----------------------------------------]

[----------------------------------------]
 price_PART2:42858.329 > price_PART1:42855.29=>True 
 short_PART2:42841.754 > short_PART1:42841.122=>True 
 medium_PART2:42860.305 > medium_PART1:42860.281=>True 
	 BUYING: 06:15:40 price:42850.21 

[----------------------------------------]

[----------------------------------------]
 price_PART2:42854.754 > price_PART1:42853.185=>True 
 short_PART2:42843.097 > short_PART1:42842.448=>True 
 medium_PART2:42860.257 > medium_PART1:42860.234=>True 
	 BUYING: 06:16:26 price:42863.03 

[----------------------------------------]

[----------------------------------------]
 price_PART2:42856.925 > price_PART1:42851.47=>True 
 short_PART2:42843.481 > short_PART1:42842.613=>True 
 medium_PART2:42860.289 > medium_PART1:42860.245=>True 
	 BUYING: 06:16:31 price:42863.031 

[----------------------------------------]

[----------------------------------------]
 price_PART2:42858.842 > price_PART1:42850.366=>True 
 short_PART2:42843.947 > short_PART1:42842.823=>True 
 medium_PART2:42860.323 > medium_PART1:42860.272=>True 
	 BUYING: 06:16:36 price:42863.03 

[----------------------------------------]

[----------------------------------------]
 price_PART2:42860.504 > price_PART1:42850.767=>True 
 short_PART2:42844.46 > short_PART1:42843.097=>True 
 medium_PART2:42860.357 > medium_PART1:42860.306=>True 
	 BUYING: 06:16:42 price:42863.03 

[----------------------------------------]

[----------------------------------------]
 price_PART2:42862.165 > price_PART1:42851.276=>True 
 short_PART2:42844.973 > short_PART1:42843.481=>True 
 medium_PART2:42860.391 > medium_PART1:42860.34=>True 
	 BUYING: 06:16:47 price:42863.03 

[----------------------------------------]

[----------------------------------------]
 price_PART2:42862.801 > price_PART1:42852.812=>True 
 short_PART2:42845.486 > short_PART1:42843.947=>True 
 medium_PART2:42860.425 > medium_PART1:42860.374=>True 
	 BUYING: 06:16:52 price:42863.031 

[----------------------------------------]

[----------------------------------------]
 price_PART2:42863.031 > price_PART1:42854.754=>True 
 short_PART2:42846.016 > short_PART1:42844.46=>True 
 medium_PART2:42860.459 > medium_PART1:42860.408=>True 
	 BUYING: 06:16:57 price:42863.031 

[----------------------------------------]

[----------------------------------------]
 price_PART2:42863.031 > price_PART1:42856.925=>True 
 short_PART2:42846.567 > short_PART1:42844.973=>True 
 medium_PART2:42860.496 > medium_PART1:42860.442=>True 
	 BUYING: 06:17:02 price:42863.031 

[----------------------------------------]

[----------------------------------------]
 price_PART2:42863.567 > price_PART1:42858.842=>True 
 short_PART2:42847.151 > short_PART1:42845.486=>True 
 medium_PART2:42860.549 > medium_PART1:42860.477=>True 
	 BUYING: 06:17:08 price:42869.461 

[----------------------------------------]

[----------------------------------------]
 price_PART2:42864.638 > price_PART1:42860.504=>True 
 short_PART2:42847.783 > short_PART1:42846.016=>True 
 medium_PART2:42860.643 > medium_PART1:42860.517=>True 
	 BUYING: 06:17:13 price:42869.461 

[----------------------------------------]

[----------------------------------------]
 price_PART2:42866.179 > price_PART1:42862.165=>True 
 short_PART2:42848.473 > short_PART1:42846.567=>True 
 medium_PART2:42860.751 > medium_PART1:42860.592=>True 
	 BUYING: 06:17:18 price:42873.46 

[----------------------------------------]

[----------------------------------------]
 price_PART2:42880.704 > price_PART1:42867.555=>True 
 short_PART2:42854.529 > short_PART1:42851.601=>True 
 medium_PART2:42861.789 > medium_PART1:42861.552=>True 
	 BUYING: 06:17:51 price:42876.004 

[----------------------------------------]

[----------------------------------------]
 price_PART2:42880.114 > price_PART1:42870.307=>True 
 short_PART2:42855.444 > short_PART1:42852.594=>True 
 medium_PART2:42861.928 > medium_PART1:42861.713=>True 
	 BUYING: 06:17:56 price:42876.003 

[----------------------------------------]

[----------------------------------------]
 price_PART2:42878.577 > price_PART1:42873.19=>True 
 short_PART2:42856.3 > short_PART1:42853.573=>True 
 medium_PART2:42862.051 > medium_PART1:42861.861=>True 
	 BUYING: 06:18:01 price:42871.107 

[----------------------------------------]

[----------------------------------------]
 price_PART2:42876.633 > price_PART1:42876.48=>True 
 short_PART2:42857.098 > short_PART1:42854.529=>True 
 medium_PART2:42862.161 > medium_PART1:42861.992=>True 
	 BUYING: 06:18:06 price:42871.11 

[----------------------------------------]
