True BUYING: 13:46:38  price:44079.882 
	#44086.049#44079.882#44073.844#44073.739 
	6.167000000001281 > 6.038000000000466
	------------------------------True BUYING: 14:06:13  price:43986.711 
	#44007.085#43986.711#43976.92#43975.813 
	20.37399999999616 > 9.791000000004715
	------------------------------True BUYING: 14:06:16  price:43986.711 
	#44006.635#43986.711#43977.273#43975.986 
	19.92399999999907 > 9.43800000000192
	------------------------------True BUYING: 14:06:19  price:43986.711 
	#44006.144#43986.711#43977.567#43976.16 
	19.432999999997264 > 9.144000000000233
	------------------------------True BUYING: 14:06:21  price:43986.71 
	#44005.653#43986.71#43977.917#43976.333 
	18.9429999999993 > 8.792999999997846
	------------------------------True BUYING: 14:06:24  price:43986.711 
	#44005.164#43986.711#43978.251#43976.506 
	18.452999999994063 > 8.460000000006403
	------------------------------True BUYING: 14:06:27  price:43986.77 
	#44004.676#43986.77#43978.772#43976.805 
	17.906000000002678 > 7.9979999999995925
	------------------------------True BUYING: 14:06:29  price:43989.99 
	#44004.22#43989.99#43979.466#43977.302 
	14.230000000003201 > 10.523999999997613
	------------------------------
=======<><><><><><><><><><><><><><><><><>======
    SELLING: 14:07:44  price:44014.192
	#| PROF=> 43986.711-44014.192 |#
	#44014.192#44011.07#44010.97#43997.931 
	------------------------------

True BUYING: 14:09:53  price:43987.12 
	#43994.176#43987.12#43981.957#43981.917 
	7.055999999996857 > 5.163000000000466
	------------------------------True BUYING: 14:09:56  price:43987.12 
	#43994.214#43987.12#43982.224#43981.917 
	7.0939999999973224 > 4.89600000000064
	------------------------------True BUYING: 14:10:07  price:43985.679 
	#43994.557#43985.679#43984.254#43983.47 
	8.87800000000425 > 1.4249999999956344
	------------------------------True BUYING: 14:10:31  price:43987.981 
	#43995.653#43987.981#43985.513#43984.506 
	7.671999999998661 > 2.4680000000007567
	------------------------------True BUYING: 14:10:34  price:43989.99 
	#43995.856#43989.99#43986.105#43984.982 
	5.866000000001804 > 3.8849999999947613
	------------------------------
=======<><><><><><><><><><><><><><><><><>======
    SELLING: 14:14:35  price:44049.999
	#| PROF=> 43987.12-44049.999 |#
	#44049.999#44049.997#44049.955#44026.635 
	------------------------------

True BUYING: 14:23:19  price:44051.172 
	#44072.884#44051.172#44046.121#44046.091 
	21.711999999999534 > 5.050999999999476
	------------------------------True BUYING: 14:23:22  price:44051.171 
	#44072.613#44051.171#44046.745#44046.594 
	21.44199999999546 > 4.425999999999476
	------------------------------True BUYING: 14:23:25  price:44051.171 
	#44072.241#44051.171#44047.358#44047.098 
	21.06999999999971 > 3.813000000001921
	------------------------------True BUYING: 14:23:27  price:44051.171 
	#44071.853#44051.171#44047.991#44047.601 
	20.6820000000007 > 3.180000000000291
	------------------------------True BUYING: 14:23:30  price:44059.53 
	#44071.548#44059.53#44048.944#44048.418 
	12.018000000003667 > 10.585999999995693
	------------------------------True BUYING: 14:23:33  price:44059.53 
	#44071.244#44059.53#44049.746#44049.148 
	11.713999999999942 > 9.78399999999965
	------------------------------True BUYING: 14:23:36  price:44059.53 
	#44070.939#44059.53#44050.546#44049.852 
	11.40899999999965 > 8.98399999999674
	------------------------------True BUYING: 14:23:39  price:44059.53 
	#44070.634#44059.53#44051.37#44050.555 
	11.10399999999936 > 8.159999999996217
	------------------------------True BUYING: 14:23:41  price:44056.688 
	#44070.301#44056.688#44051.94#44051.116 
	13.612999999997555 > 4.7479999999995925
	------------------------------True BUYING: 14:23:44  price:44053.829 
	#44069.94#44053.829#44052.353#44051.535 
	16.111000000004424 > 1.4759999999951106
	------------------------------True BUYING: 14:23:47  price:44053.821 
	#44069.578#44053.821#44052.86#44051.953 
	15.756999999997788 > 0.9610000000029686
	------------------------------True BUYING: 14:23:49  price:44053.822 
	#44069.216#44053.822#44053.336#44052.371 
	15.394000000000233 > 0.4859999999971478
	------------------------------True BUYING: 14:27:50  price:44047.88 
	#44050.408#44047.88#44047.346#44047.313 
	2.5280000000057044 > 0.5339999999996508
	------------------------------
=======<><><><><><><><><><><><><><><><><>======
    SELLING: 14:29:19  price:44050.154
	#| PROF=> 44051.172-44050.154 |#
	#44050.154#44050.153#44049.535#44049.518 
	------------------------------

