
[----------------------------------------]
	 BUYING: 20:32:07 price:39385.994 Prediction_dir: False
=======<><><><><><><><><><><><><><><><><>======
    SELLING: 20:32:10 price:39401.09
	CRISIS ! Prediction_dir: False
|buy:39425.379993999995->sell:39401.09 => profet -200.038% |#
[----------------------------------------]

[----------------------------------------]
	 BUYING: 20:32:12 price:39401.09 Prediction_dir: False
=======<><><><><><><><><><><><><><><><><>======
    SELLING: 20:53:22 price:39294.967
	CRISIS ! Prediction_dir: False
|buy:39440.49108999999->sell:39294.967 => profet -199.731% |#
[----------------------------------------]

[----------------------------------------]
	 BUYING: 20:53:25 price:39294.966 Prediction_dir: False
=======<><><><><><><><><><><><><><><><><>======
    SELLING: 20:53:27 price:39294.966
	CRISIS ! Prediction_dir: False
|buy:39334.260965999994->sell:39294.966 => profet -200.0% |#
[----------------------------------------]

[----------------------------------------]
	 BUYING: 20:53:30 price:39292.45 Prediction_dir: False
=======<><><><><><><><><><><><><><><><><>======
    SELLING: 20:53:32 price:39292.318
	CRISIS ! Prediction_dir: False
|buy:39331.74244999999->sell:39292.318 => profet -200.0% |#
[----------------------------------------]

[----------------------------------------]
	 BUYING: 20:53:35 price:39286.28 Prediction_dir: False
=======<><><><><><><><><><><><><><><><><>======
    SELLING: 20:53:37 price:39277.891
	CRISIS ! Prediction_dir: False
|buy:39325.56627999999->sell:39277.891 => profet -199.979% |#
[----------------------------------------]

[----------------------------------------]
	 BUYING: 20:53:40 price:39277.893 Prediction_dir: False
=======<><><><><><><><><><><><><><><><><>======
    SELLING: 20:53:42 price:39277.894
	CRISIS ! Prediction_dir: False
|buy:39317.170892999995->sell:39277.894 => profet -200.0% |#
[----------------------------------------]

[----------------------------------------]
	 BUYING: 20:53:45 price:39283.99 Prediction_dir: False
=======<><><><><><><><><><><><><><><><><>======
    SELLING: 20:53:48 price:39287.991
	CRISIS ! Prediction_dir: False
|buy:39323.273989999994->sell:39287.991 => profet -200.01% |#
[----------------------------------------]

[----------------------------------------]
	 BUYING: 20:53:50 price:39288.0 Prediction_dir: False
=======<><><><><><><><><><><><><><><><><>======
    SELLING: 20:53:53 price:39279.146
	CRISIS ! Prediction_dir: False
|buy:39327.28799999999->sell:39279.146 => profet -199.977% |#
[----------------------------------------]

[----------------------------------------]
	 BUYING: 20:53:55 price:39279.148 Prediction_dir: False
=======<><><><><><><><><><><><><><><><><>======
    SELLING: 20:53:58 price:39277.9
	CRISIS ! Prediction_dir: False
|buy:39318.427147999995->sell:39277.9 => profet -199.997% |#
[----------------------------------------]

[----------------------------------------]
	 BUYING: 20:54:00 price:39272.346 Prediction_dir: False
=======<><><><><><><><><><><><><><><><><>======
    SELLING: 20:54:03 price:39275.74
	CRISIS ! Prediction_dir: False
|buy:39311.618345999996->sell:39275.74 => profet -200.009% |#
[----------------------------------------]

[----------------------------------------]
	 BUYING: 20:54:05 price:39275.748 Prediction_dir: False
=======<><><><><><><><><><><><><><><><><>======
    SELLING: 20:54:08 price:39275.747
	CRISIS ! Prediction_dir: False
|buy:39315.02374799999->sell:39275.747 => profet -200.0% |#
[----------------------------------------]

[----------------------------------------]
	 BUYING: 20:54:10 price:39272.258 Prediction_dir: False
=======<><><><><><><><><><><><><><><><><>======
    SELLING: 20:54:14 price:39272.257
	CRISIS ! Prediction_dir: False
|buy:39311.530258->sell:39272.257 => profet -200.0% |#
[----------------------------------------]

[----------------------------------------]
	 BUYING: 20:54:16 price:39283.452 Prediction_dir: False
=======<><><><><><><><><><><><><><><><><>======
    SELLING: 20:54:19 price:39283.452
	CRISIS ! Prediction_dir: False
|buy:39322.73545199999->sell:39283.452 => profet -200.0% |#
[----------------------------------------]

[----------------------------------------]
	 BUYING: 20:54:21 price:39283.452 Prediction_dir: False
=======<><><><><><><><><><><><><><><><><>======
    SELLING: 20:54:24 price:39283.453
	CRISIS ! Prediction_dir: False
|buy:39322.73545199999->sell:39283.453 => profet -200.0% |#
[----------------------------------------]

[----------------------------------------]
	 BUYING: 20:54:26 price:39283.452 Prediction_dir: False
=======<><><><><><><><><><><><><><><><><>======
    SELLING: 20:54:29 price:39283.451
	CRISIS ! Prediction_dir: False
|buy:39322.73545199999->sell:39283.451 => profet -200.0% |#
[----------------------------------------]

[----------------------------------------]
	 BUYING: 20:54:32 price:39296.9 Prediction_dir: False
=======<><><><><><><><><><><><><><><><><>======
    SELLING: 20:54:37 price:39284.006
	CRISIS ! Prediction_dir: False
|buy:39336.196899999995->sell:39284.006 => profet -199.967% |#
[----------------------------------------]

[----------------------------------------]
	 BUYING: 20:54:39 price:39284.009 Prediction_dir: False
=======<><><><><><><><><><><><><><><><><>======
    SELLING: 20:54:42 price:39276.637
	CRISIS ! Prediction_dir: False
|buy:39323.29300899999->sell:39276.637 => profet -199.981% |#
[----------------------------------------]

[----------------------------------------]
	 BUYING: 20:54:45 price:39276.64 Prediction_dir: False
=======<><><><><><><><><><><><><><><><><>======
    SELLING: 20:54:47 price:39276.63
	CRISIS ! Prediction_dir: False
|buy:39315.916639999996->sell:39276.63 => profet -200.0% |#
[----------------------------------------]

[----------------------------------------]
	 BUYING: 20:54:50 price:39280.549 Prediction_dir: False
=======<><><><><><><><><><><><><><><><><>======
    SELLING: 20:54:52 price:39280.549
	CRISIS ! Prediction_dir: False
|buy:39319.829548999995->sell:39280.549 => profet -200.0% |#
[----------------------------------------]

[----------------------------------------]
	 BUYING: 20:54:55 price:39278.239 Prediction_dir: False
=======<><><><><><><><><><><><><><><><><>======
    SELLING: 20:54:58 price:39279.98
	CRISIS ! Prediction_dir: False
|buy:39317.517239->sell:39279.98 => profet -200.004% |#
[----------------------------------------]

[----------------------------------------]
	 BUYING: 20:55:00 price:39275.007 Prediction_dir: False
=======<><><><><><><><><><><><><><><><><>======
    SELLING: 20:55:03 price:39275.01
	CRISIS ! Prediction_dir: False
|buy:39314.282006999994->sell:39275.01 => profet -200.0% |#
[----------------------------------------]

[----------------------------------------]
	 BUYING: 20:55:05 price:39271.11 Prediction_dir: False
=======<><><><><><><><><><><><><><><><><>======
    SELLING: 20:55:08 price:39269.317
	CRISIS ! Prediction_dir: False
|buy:39310.381109999995->sell:39269.317 => profet -199.995% |#
[----------------------------------------]

[----------------------------------------]
	 BUYING: 20:55:11 price:39269.313 Prediction_dir: False
=======<><><><><><><><><><><><><><><><><>======
    SELLING: 20:55:13 price:39260.512
	CRISIS ! Prediction_dir: False
|buy:39308.582313->sell:39260.512 => profet -199.978% |#
[----------------------------------------]

[----------------------------------------]
	 BUYING: 20:55:16 price:39260.514 Prediction_dir: False
=======<><><><><><><><><><><><><><><><><>======
    SELLING: 20:55:18 price:39263.253
	CRISIS ! Prediction_dir: False
|buy:39299.774514->sell:39263.253 => profet -200.007% |#
[----------------------------------------]
